<?xml version="1.0" encoding="UTF-8"?>
<testsuite name="ds.stack.StackTest" tests="1" skipped="0" failures="0" errors="0" timestamp="2023-02-06T05:57:00" hostname="MacBook-Pro-de-Oskar.local" time="0.007">
  <properties/>
  <testcase name="isEmptyTest()" classname="ds.stack.StackTest" time="0.007"/>
  <system-out><![CDATA[]]></system-out>
  <system-err><![CDATA[]]></system-err>
</testsuite>
